
======================================================================
DLC Final SOTA Training Pipeline
Phase 7: Performance SOTA & Scientific Validation
======================================================================
开始时间: 2026-01-26 03:23:01

============================================================
加载 LUAD 数据集 (场景: interaction)
============================================================
✓ 找到已生成的 CSV 文件: /home/UserData/ljx/Project_1/data/luad_synthetic_interaction.csv
CSV 数据加载完成:
  - 样本数: 513
  - 特征数: 23
  - 正类比例: 45.03%
  - 特征列: ['Age', 'Gender', 'TP53'] ... ['EGFR', 'Virtual_PM2.5']

数据划分:
  训练集: 410 样本
  测试集: 103 样本
[I 2026-01-26 03:23:01,595] A new study created in memory with name: dlc_optimization

============================================================
DLCNet 超参数优化
============================================================
试验次数: 50
训练集大小: 328
验证集大小: 82
每试验训练轮数: 15
HSIC 约束阈值: 0.05
============================================================

  0%|          | 0/50 [00:00<?, ?it/s]                                      [I 2026-01-26 03:24:15,609] Trial 0 finished with value: 0.9327327327327327 and parameters: {'d_hidden': 96, 'num_layers': 4, 'lambda_hsic': 2.9106359131330697, 'lr': 0.0006251373574521745, 'batch_size': 32}. Best is trial 0 with value: 0.9327327327327327.
  0%|          | 0/50 [01:14<?, ?it/s]Best trial: 0. Best value: 0.932733:   0%|          | 0/50 [01:14<?, ?it/s]Best trial: 0. Best value: 0.932733:   2%|▏         | 1/50 [01:14<1:00:26, 74.01s/it]                                                                                     [I 2026-01-26 03:25:28,116] Trial 1 finished with value: 0.9327327327327327 and parameters: {'d_hidden': 224, 'num_layers': 3, 'lambda_hsic': 2.607024758370768, 'lr': 1.1527987128232396e-05, 'batch_size': 32}. Best is trial 0 with value: 0.9327327327327327.
Best trial: 0. Best value: 0.932733:   2%|▏         | 1/50 [02:26<1:00:26, 74.01s/it]Best trial: 0. Best value: 0.932733:   2%|▏         | 1/50 [02:26<1:00:26, 74.01s/it]Best trial: 0. Best value: 0.932733:   4%|▍         | 2/50 [02:26<58:30, 73.13s/it]                                                                                     [I 2026-01-26 03:26:36,496] Trial 2 finished with value: 0.9297297297297298 and parameters: {'d_hidden': 64, 'num_layers': 1, 'lambda_hsic': 0.4059611610484306, 'lr': 0.00037520558551242813, 'batch_size': 128}. Best is trial 0 with value: 0.9327327327327327.
Best trial: 0. Best value: 0.932733:   4%|▍         | 2/50 [03:34<58:30, 73.13s/it]Best trial: 0. Best value: 0.932733:   4%|▍         | 2/50 [03:34<58:30, 73.13s/it]Best trial: 0. Best value: 0.932733:   6%|▌         | 3/50 [03:34<55:35, 70.96s/it]                                                                                   [I 2026-01-26 03:27:52,371] Trial 3 finished with value: 0.9315315315315316 and parameters: {'d_hidden': 64, 'num_layers': 2, 'lambda_hsic': 0.5404103854647329, 'lr': 0.00023345864076016249, 'batch_size': 32}. Best is trial 0 with value: 0.9327327327327327.
Best trial: 0. Best value: 0.932733:   6%|▌         | 3/50 [04:50<55:35, 70.96s/it]Best trial: 0. Best value: 0.932733:   6%|▌         | 3/50 [04:50<55:35, 70.96s/it]Best trial: 0. Best value: 0.932733:   8%|▊         | 4/50 [04:50<55:53, 72.90s/it]                                                                                   [I 2026-01-26 03:29:01,109] Trial 4 finished with value: 0.9309309309309309 and parameters: {'d_hidden': 160, 'num_layers': 1, 'lambda_hsic': 1.6409286730647923, 'lr': 3.247673570627447e-05, 'batch_size': 128}. Best is trial 0 with value: 0.9327327327327327.
Best trial: 0. Best value: 0.932733:   8%|▊         | 4/50 [05:59<55:53, 72.90s/it]Best trial: 0. Best value: 0.932733:   8%|▊         | 4/50 [05:59<55:53, 72.90s/it]Best trial: 0. Best value: 0.932733:  10%|█         | 5/50 [05:59<53:32, 71.40s/it]                                                                                   [I 2026-01-26 03:30:08,086] Trial 5 finished with value: 0.9327327327327327 and parameters: {'d_hidden': 224, 'num_layers': 2, 'lambda_hsic': 0.1567993391672301, 'lr': 0.0011290133559092666, 'batch_size': 128}. Best is trial 0 with value: 0.9327327327327327.
Best trial: 0. Best value: 0.932733:  10%|█         | 5/50 [07:06<53:32, 71.40s/it]Best trial: 0. Best value: 0.932733:  10%|█         | 5/50 [07:06<53:32, 71.40s/it]Best trial: 0. Best value: 0.932733:  12%|█▏        | 6/50 [07:06<51:15, 69.90s/it]                                                                                   [I 2026-01-26 03:31:15,249] Trial 6 finished with value: 0.9309309309309309 and parameters: {'d_hidden': 32, 'num_layers': 4, 'lambda_hsic': 0.3292759134423616, 'lr': 0.0009717775305059633, 'batch_size': 128}. Best is trial 0 with value: 0.9327327327327327.
Best trial: 0. Best value: 0.932733:  12%|█▏        | 6/50 [08:13<51:15, 69.90s/it]Best trial: 0. Best value: 0.932733:  12%|█▏        | 6/50 [08:13<51:15, 69.90s/it]Best trial: 0. Best value: 0.932733:  14%|█▍        | 7/50 [08:13<49:27, 69.00s/it]                                                                                   [I 2026-01-26 03:31:42,835] Trial 7 pruned. 
Best trial: 0. Best value: 0.932733:  14%|█▍        | 7/50 [08:41<49:27, 69.00s/it]Best trial: 0. Best value: 0.932733:  14%|█▍        | 7/50 [08:41<49:27, 69.00s/it]Best trial: 0. Best value: 0.932733:  16%|█▌        | 8/50 [08:41<39:04, 55.82s/it]                                                                                   [I 2026-01-26 03:32:14,573] Trial 8 pruned. 
Best trial: 0. Best value: 0.932733:  16%|█▌        | 8/50 [09:12<39:04, 55.82s/it]Best trial: 0. Best value: 0.932733:  16%|█▌        | 8/50 [09:12<39:04, 55.82s/it]Best trial: 0. Best value: 0.932733:  18%|█▊        | 9/50 [09:12<32:59, 48.29s/it]                                                                                   [I 2026-01-26 03:32:41,104] Trial 9 pruned. 
Best trial: 0. Best value: 0.932733:  18%|█▊        | 9/50 [09:39<32:59, 48.29s/it]Best trial: 0. Best value: 0.932733:  18%|█▊        | 9/50 [09:39<32:59, 48.29s/it]Best trial: 0. Best value: 0.932733:  20%|██        | 10/50 [09:39<27:42, 41.57s/it]                                                                                    [I 2026-01-26 03:33:13,173] Trial 10 pruned. 
Best trial: 0. Best value: 0.932733:  20%|██        | 10/50 [10:11<27:42, 41.57s/it]Best trial: 0. Best value: 0.932733:  20%|██        | 10/50 [10:11<27:42, 41.57s/it]Best trial: 0. Best value: 0.932733:  22%|██▏       | 11/50 [10:11<25:07, 38.66s/it]                                                                                    [I 2026-01-26 03:33:41,482] Trial 11 pruned. 
Best trial: 0. Best value: 0.932733:  22%|██▏       | 11/50 [10:39<25:07, 38.66s/it]Best trial: 0. Best value: 0.932733:  22%|██▏       | 11/50 [10:39<25:07, 38.66s/it]Best trial: 0. Best value: 0.932733:  24%|██▍       | 12/50 [10:39<22:29, 35.51s/it]                                                                                    [I 2026-01-26 03:35:27,254] Trial 12 finished with value: 0.9333333333333333 and parameters: {'d_hidden': 192, 'num_layers': 4, 'lambda_hsic': 3.2623487002710196, 'lr': 1.4311954051570238e-05, 'batch_size': 32}. Best is trial 12 with value: 0.9333333333333333.
Best trial: 0. Best value: 0.932733:  24%|██▍       | 12/50 [12:25<22:29, 35.51s/it]Best trial: 12. Best value: 0.933333:  24%|██▍       | 12/50 [12:25<22:29, 35.51s/it]Best trial: 12. Best value: 0.933333:  26%|██▌       | 13/50 [12:25<35:01, 56.80s/it]                                                                                     [I 2026-01-26 03:39:34,376] Trial 13 finished with value: 0.9309309309309309 and parameters: {'d_hidden': 128, 'num_layers': 4, 'lambda_hsic': 8.677479110025493, 'lr': 0.001439359845741434, 'batch_size': 32}. Best is trial 12 with value: 0.9333333333333333.
Best trial: 12. Best value: 0.933333:  26%|██▌       | 13/50 [16:32<35:01, 56.80s/it]Best trial: 12. Best value: 0.933333:  26%|██▌       | 13/50 [16:32<35:01, 56.80s/it]Best trial: 12. Best value: 0.933333:  28%|██▊       | 14/50 [16:32<1:08:34, 114.28s/it]                                                                                        [I 2026-01-26 03:43:41,550] Trial 14 finished with value: 0.9339339339339339 and parameters: {'d_hidden': 192, 'num_layers': 4, 'lambda_hsic': 2.0887868922329993, 'lr': 0.00030769747791639933, 'batch_size': 32}. Best is trial 14 with value: 0.9339339339339339.
Best trial: 12. Best value: 0.933333:  28%|██▊       | 14/50 [20:39<1:08:34, 114.28s/it]Best trial: 14. Best value: 0.933934:  28%|██▊       | 14/50 [20:39<1:08:34, 114.28s/it]Best trial: 14. Best value: 0.933934:  30%|███       | 15/50 [20:39<1:30:01, 154.34s/it]                                                                                        [I 2026-01-26 03:47:07,676] Trial 15 finished with value: 0.9327327327327327 and parameters: {'d_hidden': 192, 'num_layers': 3, 'lambda_hsic': 0.7458338490169593, 'lr': 8.136567799599938e-05, 'batch_size': 64}. Best is trial 14 with value: 0.9339339339339339.
Best trial: 14. Best value: 0.933934:  30%|███       | 15/50 [24:06<1:30:01, 154.34s/it]Best trial: 14. Best value: 0.933934:  30%|███       | 15/50 [24:06<1:30:01, 154.34s/it]Best trial: 14. Best value: 0.933934:  32%|███▏      | 16/50 [24:06<1:36:17, 169.93s/it]                                                                                        [I 2026-01-26 03:49:43,794] Trial 16 finished with value: 0.9339339339339339 and parameters: {'d_hidden': 192, 'num_layers': 4, 'lambda_hsic': 5.252232218982724, 'lr': 1.2788719398793595e-05, 'batch_size': 32}. Best is trial 14 with value: 0.9339339339339339.
Best trial: 14. Best value: 0.933934:  32%|███▏      | 16/50 [26:42<1:36:17, 169.93s/it]Best trial: 14. Best value: 0.933934:  32%|███▏      | 16/50 [26:42<1:36:17, 169.93s/it]Best trial: 14. Best value: 0.933934:  34%|███▍      | 17/50 [26:42<1:31:10, 165.78s/it]                                                                                        [I 2026-01-26 03:49:55,429] Trial 17 pruned. 
Best trial: 14. Best value: 0.933934:  34%|███▍      | 17/50 [26:53<1:31:10, 165.78s/it]Best trial: 14. Best value: 0.933934:  34%|███▍      | 17/50 [26:53<1:31:10, 165.78s/it]Best trial: 14. Best value: 0.933934:  36%|███▌      | 18/50 [26:53<1:03:42, 119.46s/it]                                                                                        [I 2026-01-26 03:50:23,792] Trial 18 finished with value: 0.9315315315315316 and parameters: {'d_hidden': 192, 'num_layers': 3, 'lambda_hsic': 1.6633054258551279, 'lr': 0.00015846819023510034, 'batch_size': 32}. Best is trial 14 with value: 0.9339339339339339.
Best trial: 14. Best value: 0.933934:  36%|███▌      | 18/50 [27:22<1:03:42, 119.46s/it]Best trial: 14. Best value: 0.933934:  36%|███▌      | 18/50 [27:22<1:03:42, 119.46s/it]Best trial: 14. Best value: 0.933934:  38%|███▊      | 19/50 [27:22<47:35, 92.10s/it]                                                                                        [I 2026-01-26 03:50:50,704] Trial 19 finished with value: 0.9333333333333333 and parameters: {'d_hidden': 224, 'num_layers': 4, 'lambda_hsic': 1.8417347632519308, 'lr': 4.3962028489352225e-05, 'batch_size': 64}. Best is trial 14 with value: 0.9339339339339339.
Best trial: 14. Best value: 0.933934:  38%|███▊      | 19/50 [27:49<47:35, 92.10s/it]Best trial: 14. Best value: 0.933934:  38%|███▊      | 19/50 [27:49<47:35, 92.10s/it]Best trial: 14. Best value: 0.933934:  40%|████      | 20/50 [27:49<36:15, 72.53s/it]                                                                                     [I 2026-01-26 03:51:19,041] Trial 20 finished with value: 0.9333333333333333 and parameters: {'d_hidden': 128, 'num_layers': 3, 'lambda_hsic': 5.683329591376655, 'lr': 0.0022660628494897946, 'batch_size': 32}. Best is trial 14 with value: 0.9339339339339339.
Best trial: 14. Best value: 0.933934:  40%|████      | 20/50 [28:17<36:15, 72.53s/it]Best trial: 14. Best value: 0.933934:  40%|████      | 20/50 [28:17<36:15, 72.53s/it]Best trial: 14. Best value: 0.933934:  42%|████▏     | 21/50 [28:17<28:38, 59.26s/it]                                                                                     [I 2026-01-26 03:51:47,864] Trial 21 finished with value: 0.9327327327327327 and parameters: {'d_hidden': 192, 'num_layers': 4, 'lambda_hsic': 5.3496107483465885, 'lr': 1.098901520520581e-05, 'batch_size': 32}. Best is trial 14 with value: 0.9339339339339339.
Best trial: 14. Best value: 0.933934:  42%|████▏     | 21/50 [28:46<28:38, 59.26s/it]Best trial: 14. Best value: 0.933934:  42%|████▏     | 21/50 [28:46<28:38, 59.26s/it]Best trial: 14. Best value: 0.933934:  44%|████▍     | 22/50 [28:46<23:23, 50.13s/it]                                                                                     [I 2026-01-26 03:51:59,426] Trial 22 pruned. 
Best trial: 14. Best value: 0.933934:  44%|████▍     | 22/50 [28:57<23:23, 50.13s/it]Best trial: 14. Best value: 0.933934:  44%|████▍     | 22/50 [28:57<23:23, 50.13s/it]Best trial: 14. Best value: 0.933934:  46%|████▌     | 23/50 [28:57<17:20, 38.55s/it]                                                                                     [I 2026-01-26 03:52:28,266] Trial 23 finished with value: 0.9333333333333333 and parameters: {'d_hidden': 192, 'num_layers': 4, 'lambda_hsic': 1.0351029070280382, 'lr': 5.88274672350252e-05, 'batch_size': 32}. Best is trial 14 with value: 0.9339339339339339.
Best trial: 14. Best value: 0.933934:  46%|████▌     | 23/50 [29:26<17:20, 38.55s/it]Best trial: 14. Best value: 0.933934:  46%|████▌     | 23/50 [29:26<17:20, 38.55s/it]Best trial: 14. Best value: 0.933934:  48%|████▊     | 24/50 [29:26<15:26, 35.64s/it]                                                                                     [I 2026-01-26 03:52:39,758] Trial 24 pruned. 
Best trial: 14. Best value: 0.933934:  48%|████▊     | 24/50 [29:38<15:26, 35.64s/it]Best trial: 14. Best value: 0.933934:  48%|████▊     | 24/50 [29:38<15:26, 35.64s/it]Best trial: 14. Best value: 0.933934:  50%|█████     | 25/50 [29:38<11:49, 28.39s/it]                                                                                     [I 2026-01-26 03:53:08,103] Trial 25 finished with value: 0.9321321321321321 and parameters: {'d_hidden': 192, 'num_layers': 3, 'lambda_hsic': 7.277066009643053, 'lr': 1.6098339272656024e-05, 'batch_size': 32}. Best is trial 14 with value: 0.9339339339339339.
Best trial: 14. Best value: 0.933934:  50%|█████     | 25/50 [30:06<11:49, 28.39s/it]Best trial: 14. Best value: 0.933934:  50%|█████     | 25/50 [30:06<11:49, 28.39s/it]Best trial: 14. Best value: 0.933934:  52%|█████▏    | 26/50 [30:06<11:21, 28.38s/it]                                                                                     [I 2026-01-26 03:53:18,825] Trial 26 pruned. 
Best trial: 14. Best value: 0.933934:  52%|█████▏    | 26/50 [30:17<11:21, 28.38s/it]Best trial: 14. Best value: 0.933934:  52%|█████▏    | 26/50 [30:17<11:21, 28.38s/it]Best trial: 14. Best value: 0.933934:  54%|█████▍    | 27/50 [30:17<08:50, 23.08s/it]                                                                                     [I 2026-01-26 03:53:30,179] Trial 27 pruned. 
Best trial: 14. Best value: 0.933934:  54%|█████▍    | 27/50 [30:28<08:50, 23.08s/it]Best trial: 14. Best value: 0.933934:  54%|█████▍    | 27/50 [30:28<08:50, 23.08s/it]Best trial: 14. Best value: 0.933934:  56%|█████▌    | 28/50 [30:28<07:10, 19.56s/it]                                                                                     [I 2026-01-26 03:53:41,686] Trial 28 pruned. 
Best trial: 14. Best value: 0.933934:  56%|█████▌    | 28/50 [30:40<07:10, 19.56s/it]Best trial: 14. Best value: 0.933934:  56%|█████▌    | 28/50 [30:40<07:10, 19.56s/it]Best trial: 14. Best value: 0.933934:  58%|█████▊    | 29/50 [30:40<06:00, 17.15s/it]                                                                                     [I 2026-01-26 03:53:52,905] Trial 29 pruned. 
Best trial: 14. Best value: 0.933934:  58%|█████▊    | 29/50 [30:51<06:00, 17.15s/it]Best trial: 14. Best value: 0.933934:  58%|█████▊    | 29/50 [30:51<06:00, 17.15s/it]Best trial: 14. Best value: 0.933934:  60%|██████    | 30/50 [30:51<05:07, 15.37s/it]                                                                                     [I 2026-01-26 03:54:21,671] Trial 30 finished with value: 0.9327327327327327 and parameters: {'d_hidden': 192, 'num_layers': 4, 'lambda_hsic': 0.7137245092957814, 'lr': 1.010045250940883e-05, 'batch_size': 32}. Best is trial 14 with value: 0.9339339339339339.
Best trial: 14. Best value: 0.933934:  60%|██████    | 30/50 [31:20<05:07, 15.37s/it]Best trial: 14. Best value: 0.933934:  60%|██████    | 30/50 [31:20<05:07, 15.37s/it]Best trial: 14. Best value: 0.933934:  62%|██████▏   | 31/50 [31:20<06:08, 19.39s/it]                                                                                     [I 2026-01-26 03:54:32,430] Trial 31 pruned. 
Best trial: 14. Best value: 0.933934:  62%|██████▏   | 31/50 [31:30<06:08, 19.39s/it]Best trial: 14. Best value: 0.933934:  62%|██████▏   | 31/50 [31:30<06:08, 19.39s/it]Best trial: 14. Best value: 0.933934:  64%|██████▍   | 32/50 [31:30<05:02, 16.80s/it]                                                                                     [I 2026-01-26 03:54:59,263] Trial 32 finished with value: 0.9339339339339339 and parameters: {'d_hidden': 224, 'num_layers': 4, 'lambda_hsic': 2.7472164661747103, 'lr': 2.5350925455950493e-05, 'batch_size': 64}. Best is trial 14 with value: 0.9339339339339339.
Best trial: 14. Best value: 0.933934:  64%|██████▍   | 32/50 [31:57<05:02, 16.80s/it]Best trial: 14. Best value: 0.933934:  64%|██████▍   | 32/50 [31:57<05:02, 16.80s/it]Best trial: 14. Best value: 0.933934:  66%|██████▌   | 33/50 [31:57<05:36, 19.81s/it]                                                                                     [I 2026-01-26 03:55:26,098] Trial 33 finished with value: 0.9336336336336337 and parameters: {'d_hidden': 224, 'num_layers': 4, 'lambda_hsic': 2.8744791016953255, 'lr': 2.5838524671660538e-05, 'batch_size': 64}. Best is trial 14 with value: 0.9339339339339339.
Best trial: 14. Best value: 0.933934:  66%|██████▌   | 33/50 [32:24<05:36, 19.81s/it]Best trial: 14. Best value: 0.933934:  66%|██████▌   | 33/50 [32:24<05:36, 19.81s/it]Best trial: 14. Best value: 0.933934:  68%|██████▊   | 34/50 [32:24<05:50, 21.92s/it]                                                                                     [I 2026-01-26 03:55:52,947] Trial 34 pruned. 
Best trial: 14. Best value: 0.933934:  68%|██████▊   | 34/50 [32:51<05:50, 21.92s/it]Best trial: 14. Best value: 0.933934:  68%|██████▊   | 34/50 [32:51<05:50, 21.92s/it]Best trial: 14. Best value: 0.933934:  70%|███████   | 35/50 [32:51<05:50, 23.40s/it]                                                                                     [I 2026-01-26 03:56:19,574] Trial 35 finished with value: 0.9333333333333333 and parameters: {'d_hidden': 224, 'num_layers': 3, 'lambda_hsic': 6.932980826679953, 'lr': 2.3613188773035048e-05, 'batch_size': 64}. Best is trial 14 with value: 0.9339339339339339.
Best trial: 14. Best value: 0.933934:  70%|███████   | 35/50 [33:17<05:50, 23.40s/it]Best trial: 14. Best value: 0.933934:  70%|███████   | 35/50 [33:17<05:50, 23.40s/it]Best trial: 14. Best value: 0.933934:  72%|███████▏  | 36/50 [33:17<05:41, 24.37s/it]                                                                                     [I 2026-01-26 03:56:46,407] Trial 36 pruned. 
Best trial: 14. Best value: 0.933934:  72%|███████▏  | 36/50 [33:44<05:41, 24.37s/it]Best trial: 14. Best value: 0.933934:  72%|███████▏  | 36/50 [33:44<05:41, 24.37s/it]Best trial: 14. Best value: 0.933934:  74%|███████▍  | 37/50 [33:44<05:26, 25.11s/it]                                                                                     [I 2026-01-26 03:56:57,162] Trial 37 pruned. 
Best trial: 14. Best value: 0.933934:  74%|███████▍  | 37/50 [33:55<05:26, 25.11s/it]Best trial: 14. Best value: 0.933934:  74%|███████▍  | 37/50 [33:55<05:26, 25.11s/it]Best trial: 14. Best value: 0.933934:  76%|███████▌  | 38/50 [33:55<04:09, 20.80s/it]                                                                                     [I 2026-01-26 03:57:23,804] Trial 38 finished with value: 0.9321321321321321 and parameters: {'d_hidden': 224, 'num_layers': 3, 'lambda_hsic': 1.3793837864576877, 'lr': 0.00014588993877566342, 'batch_size': 64}. Best is trial 14 with value: 0.9339339339339339.
Best trial: 14. Best value: 0.933934:  76%|███████▌  | 38/50 [34:22<04:09, 20.80s/it]Best trial: 14. Best value: 0.933934:  76%|███████▌  | 38/50 [34:22<04:09, 20.80s/it]Best trial: 14. Best value: 0.933934:  78%|███████▊  | 39/50 [34:22<04:08, 22.55s/it]                                                                                     [I 2026-01-26 03:57:50,776] Trial 39 finished with value: 0.9327327327327327 and parameters: {'d_hidden': 224, 'num_layers': 4, 'lambda_hsic': 0.8622813903405975, 'lr': 5.2869903538138966e-05, 'batch_size': 64}. Best is trial 14 with value: 0.9339339339339339.
