Best trial: 14. Best value: 0.933934:  78%|███████▊  | 39/50 [34:49<04:08, 22.55s/it]Best trial: 14. Best value: 0.933934:  78%|███████▊  | 39/50 [34:49<04:08, 22.55s/it]Best trial: 14. Best value: 0.933934:  80%|████████  | 40/50 [34:49<03:58, 23.88s/it]                                                                                     [I 2026-01-26 03:58:17,173] Trial 40 finished with value: 0.9327327327327327 and parameters: {'d_hidden': 192, 'num_layers': 1, 'lambda_hsic': 0.2794879752244705, 'lr': 1.4517571074766115e-05, 'batch_size': 64}. Best is trial 14 with value: 0.9339339339339339.
Best trial: 14. Best value: 0.933934:  80%|████████  | 40/50 [35:15<03:58, 23.88s/it]Best trial: 14. Best value: 0.933934:  80%|████████  | 40/50 [35:15<03:58, 23.88s/it]Best trial: 14. Best value: 0.933934:  82%|████████▏ | 41/50 [35:15<03:41, 24.63s/it]                                                                                     [I 2026-01-26 03:58:45,817] Trial 41 finished with value: 0.9333333333333333 and parameters: {'d_hidden': 192, 'num_layers': 4, 'lambda_hsic': 3.0667306808603, 'lr': 1.5967502851150908e-05, 'batch_size': 32}. Best is trial 14 with value: 0.9339339339339339.
Best trial: 14. Best value: 0.933934:  82%|████████▏ | 41/50 [35:44<03:41, 24.63s/it]Best trial: 14. Best value: 0.933934:  82%|████████▏ | 41/50 [35:44<03:41, 24.63s/it]Best trial: 14. Best value: 0.933934:  84%|████████▍ | 42/50 [35:44<03:26, 25.84s/it]                                                                                     [I 2026-01-26 03:59:11,515] Trial 42 finished with value: 0.9327327327327327 and parameters: {'d_hidden': 224, 'num_layers': 4, 'lambda_hsic': 3.4949432307229147, 'lr': 3.147293916462229e-05, 'batch_size': 128}. Best is trial 14 with value: 0.9339339339339339.
Best trial: 14. Best value: 0.933934:  84%|████████▍ | 42/50 [36:09<03:26, 25.84s/it]Best trial: 14. Best value: 0.933934:  84%|████████▍ | 42/50 [36:09<03:26, 25.84s/it]Best trial: 14. Best value: 0.933934:  86%|████████▌ | 43/50 [36:09<03:00, 25.80s/it]                                                                                     [I 2026-01-26 03:59:22,958] Trial 43 pruned. 
Best trial: 14. Best value: 0.933934:  86%|████████▌ | 43/50 [36:21<03:00, 25.80s/it]Best trial: 14. Best value: 0.933934:  86%|████████▌ | 43/50 [36:21<03:00, 25.80s/it]Best trial: 14. Best value: 0.933934:  88%|████████▊ | 44/50 [36:21<02:08, 21.49s/it]                                                                                     [I 2026-01-26 03:59:49,789] Trial 44 finished with value: 0.9339339339339339 and parameters: {'d_hidden': 192, 'num_layers': 4, 'lambda_hsic': 2.112421857865247, 'lr': 2.141302382657959e-05, 'batch_size': 64}. Best is trial 14 with value: 0.9339339339339339.
Best trial: 14. Best value: 0.933934:  88%|████████▊ | 44/50 [36:48<02:08, 21.49s/it]Best trial: 14. Best value: 0.933934:  88%|████████▊ | 44/50 [36:48<02:08, 21.49s/it]Best trial: 14. Best value: 0.933934:  90%|█████████ | 45/50 [36:48<01:55, 23.09s/it]                                                                                     [I 2026-01-26 04:00:16,609] Trial 45 finished with value: 0.9327327327327327 and parameters: {'d_hidden': 224, 'num_layers': 4, 'lambda_hsic': 2.0264188772876612, 'lr': 8.056876914917125e-05, 'batch_size': 64}. Best is trial 14 with value: 0.9339339339339339.
Best trial: 14. Best value: 0.933934:  90%|█████████ | 45/50 [37:15<01:55, 23.09s/it]Best trial: 14. Best value: 0.933934:  90%|█████████ | 45/50 [37:15<01:55, 23.09s/it]Best trial: 14. Best value: 0.933934:  92%|█████████▏| 46/50 [37:15<01:36, 24.21s/it]                                                                                     [I 2026-01-26 04:00:43,425] Trial 46 finished with value: 0.9345345345345346 and parameters: {'d_hidden': 192, 'num_layers': 4, 'lambda_hsic': 1.4927248765335352, 'lr': 2.2805037550353983e-05, 'batch_size': 64}. Best is trial 46 with value: 0.9345345345345346.
Best trial: 14. Best value: 0.933934:  92%|█████████▏| 46/50 [37:41<01:36, 24.21s/it]Best trial: 46. Best value: 0.934535:  92%|█████████▏| 46/50 [37:41<01:36, 24.21s/it]Best trial: 46. Best value: 0.934535:  94%|█████████▍| 47/50 [37:41<01:14, 24.99s/it]                                                                                     [I 2026-01-26 04:01:10,050] Trial 47 finished with value: 0.9345345345345346 and parameters: {'d_hidden': 160, 'num_layers': 3, 'lambda_hsic': 1.1876464302909118, 'lr': 0.004262903231973299, 'batch_size': 64}. Best is trial 46 with value: 0.9345345345345346.
Best trial: 46. Best value: 0.934535:  94%|█████████▍| 47/50 [38:08<01:14, 24.99s/it]Best trial: 46. Best value: 0.934535:  94%|█████████▍| 47/50 [38:08<01:14, 24.99s/it]Best trial: 46. Best value: 0.934535:  96%|█████████▌| 48/50 [38:08<00:50, 25.48s/it]                                                                                     [I 2026-01-26 04:01:20,310] Trial 48 pruned. 
Best trial: 46. Best value: 0.934535:  96%|█████████▌| 48/50 [38:18<00:50, 25.48s/it]Best trial: 46. Best value: 0.934535:  96%|█████████▌| 48/50 [38:18<00:50, 25.48s/it]Best trial: 46. Best value: 0.934535:  98%|█████████▊| 49/50 [38:18<00:20, 20.92s/it]                                                                                     [I 2026-01-26 04:01:30,909] Trial 49 pruned. 
Best trial: 46. Best value: 0.934535:  98%|█████████▊| 49/50 [38:29<00:20, 20.92s/it]Best trial: 46. Best value: 0.934535:  98%|█████████▊| 49/50 [38:29<00:20, 20.92s/it]Best trial: 46. Best value: 0.934535: 100%|██████████| 50/50 [38:29<00:00, 17.82s/it]Best trial: 46. Best value: 0.934535: 100%|██████████| 50/50 [38:29<00:00, 46.19s/it]

============================================================
优化完成!
============================================================
完成试验数: 50
最佳验证 AUC: 0.9345
最佳超参数:
  - d_hidden: 192
  - num_layers: 4
  - lambda_hsic: 1.4927248765335352
  - lr: 2.2805037550353983e-05
  - batch_size: 64
============================================================


============================================================
训练最终模型
============================================================
超参数: {'d_hidden': 192, 'num_layers': 4, 'lambda_hsic': 1.4927248765335352, 'lr': 2.2805037550353983e-05, 'batch_size': 64}
训练轮数: 100
训练设备: cuda
训练集大小: 328, 验证集大小: 82

==================================================
阶段 1: VAE Warmup (20 epochs)
==================================================
Epoch 1/20 - Loss: 1.0484, Train HSIC: 0.0366, Val HSIC: 0.0369
Epoch 2/20 - Loss: 1.0041, Train HSIC: 0.0361, Val HSIC: 0.0369
Epoch 3/20 - Loss: 0.9876, Train HSIC: 0.0361, Val HSIC: 0.0367
Epoch 4/20 - Loss: 0.9021, Train HSIC: 0.0364, Val HSIC: 0.0366
Epoch 5/20 - Loss: 0.8302, Train HSIC: 0.0366, Val HSIC: 0.0367
Epoch 6/20 - Loss: 0.8133, Train HSIC: 0.0363, Val HSIC: 0.0361
Epoch 7/20 - Loss: 0.7925, Train HSIC: 0.0366, Val HSIC: 0.0359
Epoch 8/20 - Loss: 0.7030, Train HSIC: 0.0360, Val HSIC: 0.0366
Epoch 9/20 - Loss: 0.6650, Train HSIC: 0.0362, Val HSIC: 0.0366
Epoch 10/20 - Loss: 0.5906, Train HSIC: 0.0363, Val HSIC: 0.0366
Epoch 11/20 - Loss: 0.5599, Train HSIC: 0.0365, Val HSIC: 0.0369
Epoch 12/20 - Loss: 0.4909, Train HSIC: 0.0369, Val HSIC: 0.0370
Epoch 13/20 - Loss: 0.4824, Train HSIC: 0.0372, Val HSIC: 0.0372
Epoch 14/20 - Loss: 0.4199, Train HSIC: 0.0373, Val HSIC: 0.0371
Epoch 15/20 - Loss: 0.3962, Train HSIC: 0.0372, Val HSIC: 0.0371
Epoch 16/20 - Loss: 0.3740, Train HSIC: 0.0369, Val HSIC: 0.0372
Epoch 17/20 - Loss: 0.3517, Train HSIC: 0.0371, Val HSIC: 0.0372
Epoch 18/20 - Loss: 0.3071, Train HSIC: 0.0371, Val HSIC: 0.0372
Epoch 19/20 - Loss: 0.2993, Train HSIC: 0.0378, Val HSIC: 0.0372
Epoch 20/20 - Loss: 0.2647, Train HSIC: 0.0373, Val HSIC: 0.0372

==================================================
阶段 2: Interaction Learning (30 epochs)
==================================================
Epoch 1/30 - Loss: 0.6889, Val AUC: 0.8800
Epoch 2/30 - Loss: 0.6796, Val AUC: 0.8781
Epoch 3/30 - Loss: 0.6453, Val AUC: 0.8775
Epoch 4/30 - Loss: 0.5643, Val AUC: 0.8769
Epoch 5/30 - Loss: 0.5216, Val AUC: 0.8788
Epoch 6/30 - Loss: 0.4876, Val AUC: 0.8788
Epoch 7/30 - Loss: 0.5661, Val AUC: 0.8775
Epoch 8/30 - Loss: 0.4954, Val AUC: 0.8762
Epoch 9/30 - Loss: 0.4496, Val AUC: 0.8788
Epoch 10/30 - Loss: 0.5035, Val AUC: 0.8794
Epoch 11/30 - Loss: 0.4792, Val AUC: 0.8794
Epoch 12/30 - Loss: 0.5577, Val AUC: 0.8788
Epoch 13/30 - Loss: 0.4730, Val AUC: 0.8775
Epoch 14/30 - Loss: 0.4819, Val AUC: 0.8812
Epoch 15/30 - Loss: 0.4601, Val AUC: 0.8788
Epoch 16/30 - Loss: 0.4877, Val AUC: 0.8819
Epoch 17/30 - Loss: 0.4960, Val AUC: 0.8794
Epoch 18/30 - Loss: 0.4985, Val AUC: 0.8812
Epoch 19/30 - Loss: 0.4796, Val AUC: 0.8819
Epoch 20/30 - Loss: 0.4388, Val AUC: 0.8806
Epoch 21/30 - Loss: 0.5261, Val AUC: 0.8812
Epoch 22/30 - Loss: 0.4269, Val AUC: 0.8806
Epoch 23/30 - Loss: 0.4485, Val AUC: 0.8806
Epoch 24/30 - Loss: 0.5140, Val AUC: 0.8800
Epoch 25/30 - Loss: 0.4641, Val AUC: 0.8806
Epoch 26/30 - Loss: 0.4432, Val AUC: 0.8819
Epoch 27/30 - Loss: 0.4530, Val AUC: 0.8812
Epoch 28/30 - Loss: 0.4592, Val AUC: 0.8812
Epoch 29/30 - Loss: 0.4540, Val AUC: 0.8819
Epoch 30/30 - Loss: 0.4898, Val AUC: 0.8806

==================================================
阶段 3: Joint Fine-tuning (50 epochs)
==================================================
Epoch 1/50 - Train Loss: 0.7075, Val Loss: 0.8207, Val AUC: 0.8812
Epoch 2/50 - Train Loss: 0.7142, Val Loss: 0.8165, Val AUC: 0.8812
Epoch 3/50 - Train Loss: 0.6967, Val Loss: 0.7863, Val AUC: 0.8806
Epoch 4/50 - Train Loss: 0.7220, Val Loss: 0.7902, Val AUC: 0.8812
Epoch 5/50 - Train Loss: 0.6888, Val Loss: 0.7956, Val AUC: 0.8825
Epoch 6/50 - Train Loss: 0.6679, Val Loss: 0.8035, Val AUC: 0.8825
Epoch 7/50 - Train Loss: 0.7061, Val Loss: 0.8307, Val AUC: 0.8831
Epoch 8/50 - Train Loss: 0.7412, Val Loss: 0.8191, Val AUC: 0.8819
Epoch 9/50 - Train Loss: 0.6547, Val Loss: 0.8124, Val AUC: 0.8831
Epoch 10/50 - Train Loss: 0.6430, Val Loss: 0.8129, Val AUC: 0.8825
Epoch 11/50 - Train Loss: 0.6635, Val Loss: 0.8077, Val AUC: 0.8825
Epoch 12/50 - Train Loss: 0.6602, Val Loss: 0.8061, Val AUC: 0.8825
Epoch 13/50 - Train Loss: 0.6738, Val Loss: 0.7904, Val AUC: 0.8819

Early stopping triggered at epoch 13

已加载最佳模型 (Val Loss: 0.7863)

============================================================
计算评估指标
============================================================

分类指标:
  Accuracy:  0.7476
  Precision: 0.8333
  Recall:    0.5435
  F1 Score:  0.6579
  AUC-ROC:   0.8474

因果指标:
  PEHE:      0.5841
  Sensitivity (Age, ε=0.1):   0.0005
  Sensitivity (PM2.5, ε=0.1): 0.0050

CATE 统计:
  Mean CATE: 0.0046
  Std CATE:  0.0062

模型已保存至: results/LUAD_Baseline/dlc_final_sota.pth
Traceback (most recent call last):
  File "/home/UserData/ljx/Project_1/src/dlc/run_final_sota.py", line 766, in <module>
    main()
  File "/home/UserData/ljx/Project_1/src/dlc/run_final_sota.py", line 743, in main
    save_results(
  File "/home/UserData/ljx/Project_1/src/dlc/run_final_sota.py", line 576, in save_results
    report_content = f"""# DLC Final SOTA Evaluation Report
ValueError: Invalid format specifier
