Best trial: 12. Best value: 0.834128:  72%|███████▏  | 36/50 [5:09:28<1:10:34, 302.45s/it]Best trial: 12. Best value: 0.834128:  72%|███████▏  | 36/50 [5:09:28<1:10:34, 302.45s/it]Best trial: 12. Best value: 0.834128:  74%|███████▍  | 37/50 [5:09:28<1:14:20, 343.11s/it]                                                                                          [I 2026-01-25 22:13:54,698] Trial 37 finished with value: 0.8310610569273559 and parameters: {'d_hidden': 128, 'num_layers': 2, 'lambda_hsic': 3.0877242323372056, 'lr': 0.006809944854680531, 'batch_size': 64}. Best is trial 12 with value: 0.8341278709630403.
Best trial: 12. Best value: 0.834128:  74%|███████▍  | 37/50 [5:16:13<1:14:20, 343.11s/it]Best trial: 12. Best value: 0.834128:  74%|███████▍  | 37/50 [5:16:13<1:14:20, 343.11s/it]Best trial: 12. Best value: 0.834128:  76%|███████▌  | 38/50 [5:16:13<1:12:19, 361.66s/it]                                                                                          [I 2026-01-25 22:16:37,840] Trial 38 pruned. 
Best trial: 12. Best value: 0.834128:  76%|███████▌  | 38/50 [5:18:56<1:12:19, 361.66s/it]Best trial: 12. Best value: 0.834128:  76%|███████▌  | 38/50 [5:18:56<1:12:19, 361.66s/it]Best trial: 12. Best value: 0.834128:  78%|███████▊  | 39/50 [5:18:56<55:23, 302.11s/it]                                                                                          [I 2026-01-25 22:23:27,744] Trial 39 finished with value: 0.8318566067069098 and parameters: {'d_hidden': 160, 'num_layers': 4, 'lambda_hsic': 7.596581598688745, 'lr': 0.0009568049410101211, 'batch_size': 64}. Best is trial 12 with value: 0.8341278709630403.
Best trial: 12. Best value: 0.834128:  78%|███████▊  | 39/50 [5:25:46<55:23, 302.11s/it]Best trial: 12. Best value: 0.834128:  78%|███████▊  | 39/50 [5:25:46<55:23, 302.11s/it]Best trial: 12. Best value: 0.834128:  80%|████████  | 40/50 [5:25:46<55:44, 334.45s/it]                                                                                        [I 2026-01-25 22:29:59,828] Trial 40 finished with value: 0.8327462864222122 and parameters: {'d_hidden': 192, 'num_layers': 1, 'lambda_hsic': 5.362000820812339, 'lr': 0.004164645944047773, 'batch_size': 128}. Best is trial 12 with value: 0.8341278709630403.
Best trial: 12. Best value: 0.834128:  80%|████████  | 40/50 [5:32:18<55:44, 334.45s/it]Best trial: 12. Best value: 0.834128:  80%|████████  | 40/50 [5:32:18<55:44, 334.45s/it]Best trial: 12. Best value: 0.834128:  82%|████████▏ | 41/50 [5:32:18<52:45, 351.74s/it]                                                                                        [I 2026-01-25 22:36:47,779] Trial 41 finished with value: 0.8324396050186439 and parameters: {'d_hidden': 160, 'num_layers': 3, 'lambda_hsic': 8.369224271959029, 'lr': 0.0029782342434501877, 'batch_size': 64}. Best is trial 12 with value: 0.8341278709630403.
Best trial: 12. Best value: 0.834128:  82%|████████▏ | 41/50 [5:39:06<52:45, 351.74s/it]Best trial: 12. Best value: 0.834128:  82%|████████▏ | 41/50 [5:39:06<52:45, 351.74s/it]Best trial: 12. Best value: 0.834128:  84%|████████▍ | 42/50 [5:39:06<49:08, 368.60s/it]                                                                                        [I 2026-01-25 22:43:35,646] Trial 42 finished with value: 0.832819161211179 and parameters: {'d_hidden': 160, 'num_layers': 3, 'lambda_hsic': 8.493957955286744, 'lr': 0.0038277469041674175, 'batch_size': 64}. Best is trial 12 with value: 0.8341278709630403.
Best trial: 12. Best value: 0.834128:  84%|████████▍ | 42/50 [5:45:54<49:08, 368.60s/it]Best trial: 12. Best value: 0.834128:  84%|████████▍ | 42/50 [5:45:54<49:08, 368.60s/it]Best trial: 12. Best value: 0.834128:  86%|████████▌ | 43/50 [5:45:54<44:22, 380.38s/it]                                                                                        [I 2026-01-25 22:50:23,760] Trial 43 finished with value: 0.8316744197344931 and parameters: {'d_hidden': 128, 'num_layers': 3, 'lambda_hsic': 6.41866066612253, 'lr': 0.007735971644493102, 'batch_size': 64}. Best is trial 12 with value: 0.8341278709630403.
Best trial: 12. Best value: 0.834128:  86%|████████▌ | 43/50 [5:52:42<44:22, 380.38s/it]Best trial: 12. Best value: 0.834128:  86%|████████▌ | 43/50 [5:52:42<44:22, 380.38s/it]Best trial: 12. Best value: 0.834128:  88%|████████▊ | 44/50 [5:52:42<38:52, 388.70s/it]                                                                                        [I 2026-01-25 22:53:06,886] Trial 44 pruned. 
Best trial: 12. Best value: 0.834128:  88%|████████▊ | 44/50 [5:55:25<38:52, 388.70s/it]Best trial: 12. Best value: 0.834128:  88%|████████▊ | 44/50 [5:55:25<38:52, 388.70s/it]Best trial: 12. Best value: 0.834128:  90%|█████████ | 45/50 [5:55:25<26:45, 321.03s/it]                                                                                        [I 2026-01-25 22:55:44,752] Trial 45 pruned. 
Best trial: 12. Best value: 0.834128:  90%|█████████ | 45/50 [5:58:03<26:45, 321.03s/it]Best trial: 12. Best value: 0.834128:  90%|█████████ | 45/50 [5:58:03<26:45, 321.03s/it]Best trial: 12. Best value: 0.834128:  92%|█████████▏| 46/50 [5:58:03<18:08, 272.08s/it]                                                                                        [I 2026-01-25 22:58:27,970] Trial 46 pruned. 
Best trial: 12. Best value: 0.834128:  92%|█████████▏| 46/50 [6:00:46<18:08, 272.08s/it]Best trial: 12. Best value: 0.834128:  92%|█████████▏| 46/50 [6:00:46<18:08, 272.08s/it]Best trial: 12. Best value: 0.834128:  94%|█████████▍| 47/50 [6:00:46<11:58, 239.42s/it]                                                                                        [I 2026-01-25 23:05:13,362] Trial 47 finished with value: 0.8322209806517435 and parameters: {'d_hidden': 128, 'num_layers': 2, 'lambda_hsic': 0.39134909437784166, 'lr': 0.005090621804174459, 'batch_size': 64}. Best is trial 12 with value: 0.8341278709630403.
Best trial: 12. Best value: 0.834128:  94%|█████████▍| 47/50 [6:07:32<11:58, 239.42s/it]Best trial: 12. Best value: 0.834128:  94%|█████████▍| 47/50 [6:07:32<11:58, 239.42s/it]Best trial: 12. Best value: 0.834128:  96%|█████████▌| 48/50 [6:07:32<09:38, 289.21s/it]                                                                                        [I 2026-01-25 23:12:55,582] Trial 48 finished with value: 0.8337847521649886 and parameters: {'d_hidden': 192, 'num_layers': 3, 'lambda_hsic': 5.751847619618912, 'lr': 0.008411929423147502, 'batch_size': 32}. Best is trial 12 with value: 0.8341278709630403.
Best trial: 12. Best value: 0.834128:  96%|█████████▌| 48/50 [6:15:14<09:38, 289.21s/it]Best trial: 12. Best value: 0.834128:  96%|█████████▌| 48/50 [6:15:14<09:38, 289.21s/it]Best trial: 12. Best value: 0.834128:  98%|█████████▊| 49/50 [6:15:14<05:41, 341.11s/it]                                                                                        [I 2026-01-25 23:15:48,881] Trial 49 pruned. 
Best trial: 12. Best value: 0.834128:  98%|█████████▊| 49/50 [6:18:07<05:41, 341.11s/it]Best trial: 12. Best value: 0.834128:  98%|█████████▊| 49/50 [6:18:07<05:41, 341.11s/it]Best trial: 12. Best value: 0.834128: 100%|██████████| 50/50 [6:18:07<00:00, 290.77s/it]Best trial: 12. Best value: 0.834128: 100%|██████████| 50/50 [6:18:07<00:00, 453.75s/it]

============================================================
优化完成!
============================================================
完成试验数: 50
最佳验证 AUC: 0.8341
最佳超参数:
  - d_hidden: 160
  - num_layers: 3
  - lambda_hsic: 8.183514536477993
  - lr: 0.009548063542090106
  - batch_size: 64
============================================================


============================================================
训练最终模型
============================================================
超参数: {'d_hidden': 160, 'num_layers': 3, 'lambda_hsic': 8.183514536477993, 'lr': 0.009548063542090106, 'batch_size': 64}
训练轮数: 100
训练设备: cuda
训练集大小: 5811, 验证集大小: 1453

==================================================
阶段 1: VAE Warmup (20 epochs)
==================================================
Epoch 1/20 - Loss: 0.8335, Train HSIC: 0.0088, Val HSIC: 0.0008
Epoch 2/20 - Loss: 0.3683, Train HSIC: 0.0005, Val HSIC: 0.0004
Epoch 3/20 - Loss: 0.1793, Train HSIC: 0.0003, Val HSIC: 0.0003
Epoch 4/20 - Loss: 0.1103, Train HSIC: 0.0003, Val HSIC: 0.0003
Epoch 5/20 - Loss: 0.0783, Train HSIC: 0.0003, Val HSIC: 0.0003
Epoch 6/20 - Loss: 0.0637, Train HSIC: 0.0002, Val HSIC: 0.0003
Epoch 7/20 - Loss: 0.0531, Train HSIC: 0.0002, Val HSIC: 0.0002
Epoch 8/20 - Loss: 0.0464, Train HSIC: 0.0002, Val HSIC: 0.0002
Epoch 9/20 - Loss: 0.0413, Train HSIC: 0.0002, Val HSIC: 0.0002
Epoch 10/20 - Loss: 0.0361, Train HSIC: 0.0002, Val HSIC: 0.0002
Epoch 11/20 - Loss: 0.0337, Train HSIC: 0.0002, Val HSIC: 0.0002
Epoch 12/20 - Loss: 0.0312, Train HSIC: 0.0002, Val HSIC: 0.0002
Epoch 13/20 - Loss: 0.0291, Train HSIC: 0.0002, Val HSIC: 0.0002
Epoch 14/20 - Loss: 0.0271, Train HSIC: 0.0002, Val HSIC: 0.0002
Epoch 15/20 - Loss: 0.0248, Train HSIC: 0.0002, Val HSIC: 0.0001
Epoch 16/20 - Loss: 0.0238, Train HSIC: 0.0002, Val HSIC: 0.0001
Epoch 17/20 - Loss: 0.0234, Train HSIC: 0.0001, Val HSIC: 0.0001
Epoch 18/20 - Loss: 0.0224, Train HSIC: 0.0001, Val HSIC: 0.0001
Epoch 19/20 - Loss: 0.0207, Train HSIC: 0.0001, Val HSIC: 0.0001
Epoch 20/20 - Loss: 0.0195, Train HSIC: 0.0001, Val HSIC: 0.0001

==================================================
阶段 2: Interaction Learning (30 epochs)
==================================================
Epoch 1/30 - Loss: 0.4196, Val AUC: 0.8264
Epoch 2/30 - Loss: 0.3627, Val AUC: 0.8273
Epoch 3/30 - Loss: 0.3586, Val AUC: 0.8274
Epoch 4/30 - Loss: 0.3589, Val AUC: 0.8276
Epoch 5/30 - Loss: 0.3585, Val AUC: 0.8280
Epoch 6/30 - Loss: 0.3558, Val AUC: 0.8279
Epoch 7/30 - Loss: 0.3571, Val AUC: 0.8281
Epoch 8/30 - Loss: 0.3552, Val AUC: 0.8282
Epoch 9/30 - Loss: 0.3564, Val AUC: 0.8284
Epoch 10/30 - Loss: 0.3549, Val AUC: 0.8284
Epoch 11/30 - Loss: 0.3552, Val AUC: 0.8286
Epoch 12/30 - Loss: 0.3527, Val AUC: 0.8286
Epoch 13/30 - Loss: 0.3541, Val AUC: 0.8287
Epoch 14/30 - Loss: 0.3561, Val AUC: 0.8287
Epoch 15/30 - Loss: 0.3531, Val AUC: 0.8287
Epoch 16/30 - Loss: 0.3555, Val AUC: 0.8288
Epoch 17/30 - Loss: 0.3512, Val AUC: 0.8290
Epoch 18/30 - Loss: 0.3512, Val AUC: 0.8289
Epoch 19/30 - Loss: 0.3501, Val AUC: 0.8289
Epoch 20/30 - Loss: 0.3538, Val AUC: 0.8291
Epoch 21/30 - Loss: 0.3517, Val AUC: 0.8293
Epoch 22/30 - Loss: 0.3527, Val AUC: 0.8292
Epoch 23/30 - Loss: 0.3507, Val AUC: 0.8293
Epoch 24/30 - Loss: 0.3494, Val AUC: 0.8293
Epoch 25/30 - Loss: 0.3505, Val AUC: 0.8294
Epoch 26/30 - Loss: 0.3500, Val AUC: 0.8295
Epoch 27/30 - Loss: 0.3494, Val AUC: 0.8295
Epoch 28/30 - Loss: 0.3487, Val AUC: 0.8296
Epoch 29/30 - Loss: 0.3488, Val AUC: 0.8296
Epoch 30/30 - Loss: 0.3464, Val AUC: 0.8296

==================================================
阶段 3: Joint Fine-tuning (50 epochs)
==================================================
Epoch 1/50 - Train Loss: 0.3585, Val Loss: 0.3557, Val AUC: 0.8296
Epoch 2/50 - Train Loss: 0.3565, Val Loss: 0.3558, Val AUC: 0.8296
Epoch 3/50 - Train Loss: 0.3558, Val Loss: 0.3569, Val AUC: 0.8296
Epoch 4/50 - Train Loss: 0.3551, Val Loss: 0.3578, Val AUC: 0.8297
Epoch 5/50 - Train Loss: 0.3555, Val Loss: 0.3569, Val AUC: 0.8297
Epoch 6/50 - Train Loss: 0.3539, Val Loss: 0.3572, Val AUC: 0.8297
Epoch 7/50 - Train Loss: 0.3547, Val Loss: 0.3571, Val AUC: 0.8297
Epoch 8/50 - Train Loss: 0.3516, Val Loss: 0.3571, Val AUC: 0.8298
Epoch 9/50 - Train Loss: 0.3525, Val Loss: 0.3567, Val AUC: 0.8298
Epoch 10/50 - Train Loss: 0.3525, Val Loss: 0.3572, Val AUC: 0.8298
Epoch 11/50 - Train Loss: 0.3523, Val Loss: 0.3569, Val AUC: 0.8297

Early stopping triggered at epoch 11

已加载最佳模型 (Val Loss: 0.3557)

============================================================
计算评估指标
============================================================

分类指标:
  Accuracy:  0.8530
  Precision: 0.7763
  Recall:    0.3362
  F1 Score:  0.4692
  AUC-ROC:   0.8158

因果指标:
  PEHE:      0.6760
  Sensitivity (Age, ε=0.1):   0.0001
  Sensitivity (PM2.5, ε=0.1): 0.0014

CATE 统计:
  Mean CATE: -0.3912
  Std CATE:  0.2625

模型已保存至: results/dlc_final_sota.pth
Traceback (most recent call last):
  File "/home/UserData/ljx/Project_1/src/dlc/run_final_sota.py", line 766, in <module>
    main()
  File "/home/UserData/ljx/Project_1/src/dlc/run_final_sota.py", line 743, in main
    save_results(
  File "/home/UserData/ljx/Project_1/src/dlc/run_final_sota.py", line 576, in save_results
    report_content = f"""# DLC Final SOTA Evaluation Report
ValueError: Invalid format specifier
